<?xml version="1.0" encoding="UTF-8"?>
<testng-results ignored="0" total="2" passed="1" failed="1" skipped="0">
  <reporter-output>
    <line>
      <![CDATA[ReadingUrlfrom property file]]>
    </line>
    <line>
      <![CDATA[Launching Browser]]>
    </line>
    <line>
      <![CDATA[waiting for1000ms]]>
    </line>
    <line>
      <![CDATA[clicking on Sign In Button]]>
    </line>
    <line>
      <![CDATA[ReadingMobileNumfrom property file]]>
    </line>
    <line>
      <![CDATA[waiting for1000ms]]>
    </line>
    <line>
      <![CDATA[Entering mobile]]>
    </line>
    <line>
      <![CDATA[waiting for2000ms]]>
    </line>
    <line>
      <![CDATA[waiting for1000ms]]>
    </line>
    <line>
      <![CDATA[Clicking on Sign in Button ]]>
    </line>
    <line>
      <![CDATA[waiting for1000ms]]>
    </line>
    <line>
      <![CDATA[ReadingPasswordfrom property file]]>
    </line>
    <line>
      <![CDATA[waiting for1000ms]]>
    </line>
    <line>
      <![CDATA[Entering Password]]>
    </line>
    <line>
      <![CDATA[waiting for1000ms]]>
    </line>
    <line>
      <![CDATA[Clicking on submit Button]]>
    </line>
    <line>
      <![CDATA[waiting for1000ms]]>
    </line>
    <line>
      <![CDATA[Clicking on close Button]]>
    </line>
    <line>
      <![CDATA[waiting for1000ms]]>
    </line>
    <line>
      <![CDATA[Clicking on close Button]]>
    </line>
    <line>
      <![CDATA[waiting for1000ms]]>
    </line>
    <line>
      <![CDATA[Getting actual user name]]>
    </line>
    <line>
      <![CDATA[Actual User Name is Aarti Kale]]>
    </line>
    <line>
      <![CDATA[ReadingUserNamefrom property file]]>
    </line>
    <line>
      <![CDATA[TC validateUserID is sucess..]]>
    </line>
    <line>
      <![CDATA[waiting for1000ms]]>
    </line>
    <line>
      <![CDATA[waiting for1000ms]]>
    </line>
    <line>
      <![CDATA[waiting for1000ms]]>
    </line>
    <line>
      <![CDATA[Logging Out]]>
    </line>
    <line>
      <![CDATA[waiting for1000ms]]>
    </line>
    <line>
      <![CDATA[clicking on Sign In Button]]>
    </line>
    <line>
      <![CDATA[ReadingMobileNumfrom property file]]>
    </line>
    <line>
      <![CDATA[waiting for1000ms]]>
    </line>
    <line>
      <![CDATA[Entering mobile]]>
    </line>
    <line>
      <![CDATA[waiting for2000ms]]>
    </line>
    <line>
      <![CDATA[waiting for1000ms]]>
    </line>
    <line>
      <![CDATA[Clicking on Sign in Button ]]>
    </line>
    <line>
      <![CDATA[waiting for1000ms]]>
    </line>
    <line>
      <![CDATA[ReadingPasswordfrom property file]]>
    </line>
    <line>
      <![CDATA[waiting for1000ms]]>
    </line>
    <line>
      <![CDATA[Entering Password]]>
    </line>
    <line>
      <![CDATA[waiting for1000ms]]>
    </line>
    <line>
      <![CDATA[Clicking on submit Button]]>
    </line>
    <line>
      <![CDATA[There is no Popup]]>
    </line>
    <line>
      <![CDATA[waiting for1000ms]]>
    </line>
    <line>
      <![CDATA[Getting acc balance]]>
    </line>
    <line>
      <![CDATA[Account Balance is Rs.5,00,000.00]]>
    </line>
    <line>
      <![CDATA[TC validateAccBalance is failed please try again...]]>
    </line>
    <line>
      <![CDATA[Taking screenshot]]>
    </line>
    <line>
      <![CDATA[waiting for1000ms]]>
    </line>
    <line>
      <![CDATA[waiting for1000ms]]>
    </line>
    <line>
      <![CDATA[waiting for1000ms]]>
    </line>
    <line>
      <![CDATA[Logging Out]]>
    </line>
    <line>
      <![CDATA[waiting for1000ms]]>
    </line>
  </reporter-output>
  <suite started-at="2022-12-03T17:18:41 IST" name="Default suite" finished-at="2022-12-03T17:18:56 IST" duration-ms="14214">
    <groups>
    </groups>
    <test started-at="2022-12-03T17:18:41 IST" name="Default test" finished-at="2022-12-03T17:18:56 IST" duration-ms="14214">
      <class name="neoStoxTest.ValidateNeoStoxAccBalance2">
        <test-method is-config="true" signature="launchNeoBrowser()[pri:0, instance:neoStoxTest.ValidateNeoStoxAccBalance2@21282ed8]" started-at="2022-12-03T17:18:41 IST" name="launchNeoBrowser" finished-at="2022-12-03T17:18:45 IST" duration-ms="3710" status="PASS">
          <reporter-output>
            <line>
              <![CDATA[ReadingUrlfrom property file]]>
            </line>
            <line>
              <![CDATA[Launching Browser]]>
            </line>
          </reporter-output>
        </test-method> <!-- launchNeoBrowser -->
        <test-method is-config="true" signature="loginNeoStox()[pri:0, instance:neoStoxTest.ValidateNeoStoxAccBalance2@21282ed8]" started-at="2022-12-03T17:18:45 IST" name="loginNeoStox" finished-at="2022-12-03T17:18:50 IST" duration-ms="5250" status="PASS">
          <reporter-output>
            <line>
              <![CDATA[waiting for1000ms]]>
            </line>
            <line>
              <![CDATA[clicking on Sign In Button]]>
            </line>
            <line>
              <![CDATA[ReadingMobileNumfrom property file]]>
            </line>
            <line>
              <![CDATA[waiting for1000ms]]>
            </line>
            <line>
              <![CDATA[Entering mobile]]>
            </line>
            <line>
              <![CDATA[waiting for2000ms]]>
            </line>
            <line>
              <![CDATA[waiting for1000ms]]>
            </line>
            <line>
              <![CDATA[Clicking on Sign in Button ]]>
            </line>
            <line>
              <![CDATA[waiting for1000ms]]>
            </line>
            <line>
              <![CDATA[ReadingPasswordfrom property file]]>
            </line>
            <line>
              <![CDATA[waiting for1000ms]]>
            </line>
            <line>
              <![CDATA[Entering Password]]>
            </line>
            <line>
              <![CDATA[waiting for1000ms]]>
            </line>
            <line>
              <![CDATA[Clicking on submit Button]]>
            </line>
            <line>
              <![CDATA[waiting for1000ms]]>
            </line>
            <line>
              <![CDATA[Clicking on close Button]]>
            </line>
            <line>
              <![CDATA[waiting for1000ms]]>
            </line>
            <line>
              <![CDATA[Clicking on close Button]]>
            </line>
          </reporter-output>
        </test-method> <!-- loginNeoStox -->
        <test-method signature="validateUserID()[pri:-1, instance:neoStoxTest.ValidateNeoStoxAccBalance2@21282ed8]" started-at="2022-12-03T17:18:50 IST" name="validateUserID" finished-at="2022-12-03T17:18:50 IST" duration-ms="29" status="PASS">
          <reporter-output>
            <line>
              <![CDATA[waiting for1000ms]]>
            </line>
            <line>
              <![CDATA[Getting actual user name]]>
            </line>
            <line>
              <![CDATA[Actual User Name is Aarti Kale]]>
            </line>
            <line>
              <![CDATA[ReadingUserNamefrom property file]]>
            </line>
            <line>
              <![CDATA[TC validateUserID is sucess..]]>
            </line>
          </reporter-output>
        </test-method> <!-- validateUserID -->
        <test-method is-config="true" signature="logOut()[pri:0, instance:neoStoxTest.ValidateNeoStoxAccBalance2@21282ed8]" started-at="2022-12-03T17:18:50 IST" name="logOut" finished-at="2022-12-03T17:18:51 IST" duration-ms="92" status="PASS">
          <reporter-output>
            <line>
              <![CDATA[waiting for1000ms]]>
            </line>
            <line>
              <![CDATA[waiting for1000ms]]>
            </line>
            <line>
              <![CDATA[waiting for1000ms]]>
            </line>
            <line>
              <![CDATA[Logging Out]]>
            </line>
          </reporter-output>
        </test-method> <!-- logOut -->
        <test-method is-config="true" signature="loginNeoStox()[pri:0, instance:neoStoxTest.ValidateNeoStoxAccBalance2@21282ed8]" started-at="2022-12-03T17:18:51 IST" name="loginNeoStox" finished-at="2022-12-03T17:18:55 IST" duration-ms="4709" status="PASS">
          <reporter-output>
            <line>
              <![CDATA[waiting for1000ms]]>
            </line>
            <line>
              <![CDATA[clicking on Sign In Button]]>
            </line>
            <line>
              <![CDATA[ReadingMobileNumfrom property file]]>
            </line>
            <line>
              <![CDATA[waiting for1000ms]]>
            </line>
            <line>
              <![CDATA[Entering mobile]]>
            </line>
            <line>
              <![CDATA[waiting for2000ms]]>
            </line>
            <line>
              <![CDATA[waiting for1000ms]]>
            </line>
            <line>
              <![CDATA[Clicking on Sign in Button ]]>
            </line>
            <line>
              <![CDATA[waiting for1000ms]]>
            </line>
            <line>
              <![CDATA[ReadingPasswordfrom property file]]>
            </line>
            <line>
              <![CDATA[waiting for1000ms]]>
            </line>
            <line>
              <![CDATA[Entering Password]]>
            </line>
            <line>
              <![CDATA[waiting for1000ms]]>
            </line>
            <line>
              <![CDATA[Clicking on submit Button]]>
            </line>
            <line>
              <![CDATA[There is no Popup]]>
            </line>
          </reporter-output>
        </test-method> <!-- loginNeoStox -->
        <test-method signature="validateAccBalance()[pri:0, instance:neoStoxTest.ValidateNeoStoxAccBalance2@21282ed8]" started-at="2022-12-03T17:18:55 IST" name="validateAccBalance" finished-at="2022-12-03T17:18:55 IST" duration-ms="26" status="FAIL">
          <exception class="java.lang.AssertionError">
            <message>
              <![CDATA[null]]>
            </message>
            <full-stacktrace>
              <![CDATA[java.lang.AssertionError: null
at org.testng.Assert.fail(Assert.java:99)
at org.testng.Assert.fail(Assert.java:106)
at neoStoxTest.ValidateNeoStoxAccBalance2.validateAccBalance(ValidateNeoStoxAccBalance2.java:61)
at java.base/jdk.internal.reflect.NativeMethodAccessorImpl.invoke0(Native Method)
at java.base/jdk.internal.reflect.NativeMethodAccessorImpl.invoke(NativeMethodAccessorImpl.java:62)
at java.base/jdk.internal.reflect.DelegatingMethodAccessorImpl.invoke(DelegatingMethodAccessorImpl.java:43)
at java.base/java.lang.reflect.Method.invoke(Method.java:566)
at org.testng.internal.MethodInvocationHelper.invokeMethod(MethodInvocationHelper.java:133)
at org.testng.internal.TestInvoker.invokeMethod(TestInvoker.java:598)
at org.testng.internal.TestInvoker.invokeTestMethod(TestInvoker.java:173)
at org.testng.internal.MethodRunner.runInSequence(MethodRunner.java:46)
at org.testng.internal.TestInvoker$MethodInvocationAgent.invoke(TestInvoker.java:824)
at org.testng.internal.TestInvoker.invokeTestMethods(TestInvoker.java:146)
at org.testng.internal.TestMethodWorker.invokeTestMethods(TestMethodWorker.java:146)
at org.testng.internal.TestMethodWorker.run(TestMethodWorker.java:128)
at java.base/java.util.ArrayList.forEach(ArrayList.java:1541)
at org.testng.TestRunner.privateRun(TestRunner.java:794)
at org.testng.TestRunner.run(TestRunner.java:596)
at org.testng.SuiteRunner.runTest(SuiteRunner.java:377)
at org.testng.SuiteRunner.runSequentially(SuiteRunner.java:371)
at org.testng.SuiteRunner.privateRun(SuiteRunner.java:332)
at org.testng.SuiteRunner.run(SuiteRunner.java:276)
at org.testng.SuiteRunnerWorker.runSuite(SuiteRunnerWorker.java:53)
at org.testng.SuiteRunnerWorker.run(SuiteRunnerWorker.java:96)
at org.testng.TestNG.runSuitesSequentially(TestNG.java:1212)
at org.testng.TestNG.runSuitesLocally(TestNG.java:1134)
at org.testng.TestNG.runSuites(TestNG.java:1063)
at org.testng.TestNG.run(TestNG.java:1031)
at org.testng.remote.AbstractRemoteTestNG.run(AbstractRemoteTestNG.java:115)
at org.testng.remote.RemoteTestNG.initAndRun(RemoteTestNG.java:251)
at org.testng.remote.RemoteTestNG.main(RemoteTestNG.java:77)
]]>
            </full-stacktrace>
          </exception> <!-- java.lang.AssertionError -->
          <reporter-output>
            <line>
              <![CDATA[waiting for1000ms]]>
            </line>
            <line>
              <![CDATA[Getting acc balance]]>
            </line>
            <line>
              <![CDATA[Account Balance is Rs.5,00,000.00]]>
            </line>
            <line>
              <![CDATA[TC validateAccBalance is failed please try again...]]>
            </line>
            <line>
              <![CDATA[Taking screenshot]]>
            </line>
          </reporter-output>
        </test-method> <!-- validateAccBalance -->
        <test-method is-config="true" signature="logOut()[pri:0, instance:neoStoxTest.ValidateNeoStoxAccBalance2@21282ed8]" started-at="2022-12-03T17:18:55 IST" name="logOut" finished-at="2022-12-03T17:18:56 IST" duration-ms="102" status="PASS">
          <reporter-output>
            <line>
              <![CDATA[waiting for1000ms]]>
            </line>
            <line>
              <![CDATA[waiting for1000ms]]>
            </line>
            <line>
              <![CDATA[waiting for1000ms]]>
            </line>
            <line>
              <![CDATA[Logging Out]]>
            </line>
          </reporter-output>
        </test-method> <!-- logOut -->
        <test-method is-config="true" signature="closeBrowser()[pri:0, instance:neoStoxTest.ValidateNeoStoxAccBalance2@21282ed8]" started-at="2022-12-03T17:18:56 IST" name="closeBrowser" finished-at="2022-12-03T17:18:56 IST" duration-ms="147" status="PASS">
          <reporter-output>
            <line>
              <![CDATA[waiting for1000ms]]>
            </line>
          </reporter-output>
        </test-method> <!-- closeBrowser -->
      </class> <!-- neoStoxTest.ValidateNeoStoxAccBalance2 -->
    </test> <!-- Default test -->
  </suite> <!-- Default suite -->
</testng-results>
